[02-Nov-23 11:44:49][DEBUG] - TDA()
[02-Nov-23 11:44:49][DEBUG] - TDA.get_account()
[02-Nov-23 11:44:50][DEBUG] - TDA.filter()
[02-Nov-23 11:44:50][DEBUG] - TDA.update_client()
[02-Nov-23 11:44:50][DEBUG] - TDA.get_account_transactions()
[02-Nov-23 11:44:50][DEBUG] - TDA.filter()
[02-Nov-23 11:44:50][DEBUG] - TDA.update_client()
[02-Nov-23 11:44:50][DEBUG] - TDA.filter()
[02-Nov-23 11:44:50][DEBUG] - TDA.update_client()
[02-Nov-23 11:44:50][INFO] - App run()
[02-Nov-23 11:44:50][INFO] - App is_pre_market_and_830_or_later
[02-Nov-23 11:44:50][INFO] - App get_possible_buys
[02-Nov-23 11:44:50][DEBUG] - TDA.get_quote()
[02-Nov-23 11:44:51][DEBUG] - TDA.filter()
[02-Nov-23 11:44:51][DEBUG] - TDA.update_client()
[02-Nov-23 11:44:51][DEBUG] - TDA.get_intraday_history(symbol=ADVM, minute=1, days=5, ext=False, current=False, max=False)
[02-Nov-23 11:44:51][DEBUG] - TDA.filter()
[02-Nov-23 11:44:51][DEBUG] - TDA.update_client()
[02-Nov-23 11:44:51][DEBUG] - TDA.get_intraday_history(symbol=ACHR, minute=1, days=5, ext=False, current=False, max=False)
[02-Nov-23 11:44:52][DEBUG] - TDA.filter()
[02-Nov-23 11:44:52][DEBUG] - TDA.update_client()
[02-Nov-23 11:44:52][DEBUG] - TDA.get_intraday_history(symbol=AI, minute=1, days=5, ext=False, current=False, max=False)
[02-Nov-23 11:44:52][DEBUG] - TDA.filter()
[02-Nov-23 11:44:52][DEBUG] - TDA.update_client()
[02-Nov-23 11:44:52][DEBUG] - TDA.get_intraday_history(symbol=AHT, minute=1, days=5, ext=False, current=False, max=False)
[02-Nov-23 11:44:53][DEBUG] - TDA.filter()
[02-Nov-23 11:44:53][DEBUG] - TDA.update_client()
[02-Nov-23 11:44:53][DEBUG] - TDA.get_intraday_history(symbol=AEVA, minute=1, days=5, ext=False, current=False, max=False)
[02-Nov-23 11:44:53][DEBUG] - TDA.filter()
[02-Nov-23 11:44:53][DEBUG] - TDA.update_client()
[02-Nov-23 11:44:53][DEBUG] - TDA.get_intraday_history(symbol=ADT, minute=1, days=5, ext=False, current=False, max=False)
[02-Nov-23 11:44:53][DEBUG] - TDA.filter()
[02-Nov-23 11:44:53][DEBUG] - TDA.update_client()
[02-Nov-23 11:44:54][DEBUG] - TDA.get_intraday_history(symbol=AFRM, minute=1, days=5, ext=False, current=False, max=False)
[02-Nov-23 11:44:54][DEBUG] - TDA.filter()
[02-Nov-23 11:44:54][DEBUG] - TDA.update_client()
[02-Nov-23 11:44:54][DEBUG] - TDA.get_intraday_history(symbol=ACLX, minute=1, days=5, ext=False, current=False, max=False)
[02-Nov-23 11:44:54][DEBUG] - TDA.filter()
[02-Nov-23 11:44:54][DEBUG] - TDA.update_client()
[02-Nov-23 11:44:54][DEBUG] - TDA.get_intraday_history(symbol=AIP, minute=1, days=5, ext=False, current=False, max=False)
[02-Nov-23 11:44:55][DEBUG] - TDA.filter()
[02-Nov-23 11:44:55][DEBUG] - TDA.update_client()
[02-Nov-23 11:44:55][DEBUG] - TDA.get_intraday_history(symbol=ADN, minute=1, days=5, ext=False, current=False, max=False)
[02-Nov-23 11:44:55][DEBUG] - TDA.filter()
[02-Nov-23 11:44:55][DEBUG] - TDA.update_client()
[02-Nov-23 11:44:55][DEBUG] - TDA.get_quote()
[02-Nov-23 11:44:56][DEBUG] - TDA.filter()
[02-Nov-23 11:44:56][DEBUG] - TDA.update_client()
[02-Nov-23 11:44:56][DEBUG] - TDA.get_intraday_history(symbol=AMSC, minute=1, days=5, ext=False, current=False, max=False)
[02-Nov-23 11:44:56][DEBUG] - TDA.filter()
[02-Nov-23 11:44:56][DEBUG] - TDA.update_client()
[02-Nov-23 11:44:56][DEBUG] - TDA.get_intraday_history(symbol=ALKT, minute=1, days=5, ext=False, current=False, max=False)
[02-Nov-23 11:44:56][DEBUG] - TDA.filter()
[02-Nov-23 11:44:56][DEBUG] - TDA.update_client()
[02-Nov-23 11:44:56][DEBUG] - TDA.get_intraday_history(symbol=ALPN, minute=1, days=5, ext=False, current=False, max=False)
[02-Nov-23 11:44:57][DEBUG] - TDA.filter()
[02-Nov-23 11:44:57][DEBUG] - TDA.update_client()
[02-Nov-23 11:44:57][DEBUG] - TDA.get_quote()
[02-Nov-23 11:44:57][DEBUG] - TDA.filter()
[02-Nov-23 11:44:57][DEBUG] - TDA.update_client()
[02-Nov-23 11:44:57][DEBUG] - TDA.get_intraday_history(symbol=BFAM, minute=1, days=5, ext=False, current=False, max=False)
[02-Nov-23 11:44:58][DEBUG] - TDA.filter()
[02-Nov-23 11:44:58][DEBUG] - TDA.update_client()
[02-Nov-23 11:44:58][DEBUG] - TDA.get_intraday_history(symbol=ATUS, minute=1, days=5, ext=False, current=False, max=False)
[02-Nov-23 11:44:58][DEBUG] - TDA.filter()
[02-Nov-23 11:44:58][DEBUG] - TDA.update_client()
[02-Nov-23 11:44:58][DEBUG] - TDA.get_intraday_history(symbol=ATXI, minute=1, days=5, ext=False, current=False, max=False)
[02-Nov-23 11:44:58][DEBUG] - TDA.filter()
[02-Nov-23 11:44:58][DEBUG] - TDA.update_client()
[02-Nov-23 11:44:58][DEBUG] - TDA.get_intraday_history(symbol=BGXX, minute=1, days=5, ext=False, current=False, max=False)
[02-Nov-23 11:44:59][DEBUG] - TDA.filter()
[02-Nov-23 11:44:59][DEBUG] - TDA.update_client()
[02-Nov-23 11:44:59][DEBUG] - TDA.get_intraday_history(symbol=AVNW, minute=1, days=5, ext=False, current=False, max=False)
[02-Nov-23 11:44:59][DEBUG] - TDA.filter()
[02-Nov-23 11:44:59][DEBUG] - TDA.update_client()
[02-Nov-23 11:44:59][DEBUG] - TDA.get_intraday_history(symbol=BFLY, minute=1, days=5, ext=False, current=False, max=False)
[02-Nov-23 11:44:59][DEBUG] - TDA.filter()
[02-Nov-23 11:44:59][DEBUG] - TDA.update_client()
[02-Nov-23 11:45:00][DEBUG] - TDA.get_intraday_history(symbol=AUDC, minute=1, days=5, ext=False, current=False, max=False)
[02-Nov-23 11:45:00][DEBUG] - TDA.filter()
[02-Nov-23 11:45:00][DEBUG] - TDA.update_client()
[02-Nov-23 11:45:00][DEBUG] - TDA.get_intraday_history(symbol=AWRE, minute=1, days=5, ext=False, current=False, max=False)
[02-Nov-23 11:45:00][DEBUG] - TDA.filter()
[02-Nov-23 11:45:00][DEBUG] - TDA.update_client()
[02-Nov-23 11:45:00][DEBUG] - TDA.get_quote()
[02-Nov-23 11:45:01][DEBUG] - TDA.filter()
[02-Nov-23 11:45:01][DEBUG] - TDA.update_client()
[02-Nov-23 11:45:01][DEBUG] - TDA.get_intraday_history(symbol=BHAT, minute=1, days=5, ext=False, current=False, max=False)
[02-Nov-23 11:45:01][DEBUG] - TDA.filter()
[02-Nov-23 11:45:01][DEBUG] - TDA.update_client()
[02-Nov-23 11:45:01][DEBUG] - TDA.get_intraday_history(symbol=BHIL, minute=1, days=5, ext=False, current=False, max=False)
[02-Nov-23 11:45:02][DEBUG] - TDA.filter()
[02-Nov-23 11:45:02][DEBUG] - TDA.update_client()
[02-Nov-23 11:45:02][DEBUG] - TDA.get_quote()
[02-Nov-23 11:45:02][DEBUG] - TDA.filter()
[02-Nov-23 11:45:02][DEBUG] - TDA.update_client()
[02-Nov-23 11:45:02][DEBUG] - TDA.get_intraday_history(symbol=CARS, minute=1, days=5, ext=False, current=False, max=False)
[02-Nov-23 11:45:03][DEBUG] - TDA.filter()
[02-Nov-23 11:45:03][DEBUG] - TDA.update_client()
[02-Nov-23 11:45:03][DEBUG] - TDA.get_intraday_history(symbol=CERS, minute=1, days=5, ext=False, current=False, max=False)
[02-Nov-23 11:45:03][DEBUG] - TDA.filter()
[02-Nov-23 11:45:03][DEBUG] - TDA.update_client()
[02-Nov-23 11:45:03][DEBUG] - TDA.get_intraday_history(symbol=CDNA, minute=1, days=5, ext=False, current=False, max=False)
[02-Nov-23 11:45:03][DEBUG] - TDA.filter()
[02-Nov-23 11:45:03][DEBUG] - TDA.update_client()
[02-Nov-23 11:45:03][DEBUG] - TDA.get_intraday_history(symbol=CAR, minute=1, days=5, ext=False, current=False, max=False)
[02-Nov-23 11:45:04][DEBUG] - TDA.filter()
[02-Nov-23 11:45:04][DEBUG] - TDA.update_client()
[02-Nov-23 11:45:04][DEBUG] - TDA.get_intraday_history(symbol=BYND, minute=1, days=5, ext=False, current=False, max=False)
[02-Nov-23 11:45:04][DEBUG] - TDA.filter()
[02-Nov-23 11:45:04][DEBUG] - TDA.update_client()
[02-Nov-23 11:45:04][DEBUG] - TDA.get_quote()
[02-Nov-23 11:45:05][DEBUG] - TDA.filter()
[02-Nov-23 11:45:05][DEBUG] - TDA.update_client()
[02-Nov-23 11:45:05][DEBUG] - TDA.get_intraday_history(symbol=CRGE, minute=1, days=5, ext=False, current=False, max=False)
[02-Nov-23 11:45:05][DEBUG] - TDA.filter()
[02-Nov-23 11:45:05][DEBUG] - TDA.update_client()
[02-Nov-23 11:45:05][DEBUG] - TDA.get_intraday_history(symbol=CONL, minute=1, days=5, ext=False, current=False, max=False)
[02-Nov-23 11:45:06][DEBUG] - TDA.filter()
[02-Nov-23 11:45:06][DEBUG] - TDA.update_client()
[02-Nov-23 11:45:06][DEBUG] - TDA.get_intraday_history(symbol=CIFR, minute=1, days=5, ext=False, current=False, max=False)
[02-Nov-23 11:45:06][DEBUG] - TDA.filter()
[02-Nov-23 11:45:06][DEBUG] - TDA.update_client()
[02-Nov-23 11:45:06][DEBUG] - TDA.get_intraday_history(symbol=CHPT, minute=1, days=5, ext=False, current=False, max=False)
[02-Nov-23 11:45:06][DEBUG] - TDA.filter()
[02-Nov-23 11:45:06][DEBUG] - TDA.update_client()
[02-Nov-23 11:45:06][DEBUG] - TDA.get_intraday_history(symbol=CLLS, minute=1, days=5, ext=False, current=False, max=False)
[02-Nov-23 11:45:07][DEBUG] - TDA.filter()
[02-Nov-23 11:45:07][DEBUG] - TDA.update_client()
[02-Nov-23 11:45:07][DEBUG] - TDA.get_quote()
[02-Nov-23 11:45:07][DEBUG] - TDA.filter()
[02-Nov-23 11:45:07][DEBUG] - TDA.update_client()
[02-Nov-23 11:45:07][DEBUG] - TDA.get_intraday_history(symbol=CXAI, minute=1, days=5, ext=False, current=False, max=False)
[02-Nov-23 11:45:08][DEBUG] - TDA.filter()
[02-Nov-23 11:45:08][DEBUG] - TDA.update_client()
[02-Nov-23 11:45:08][DEBUG] - TDA.get_intraday_history(symbol=CYH, minute=1, days=5, ext=False, current=False, max=False)
[02-Nov-23 11:45:08][DEBUG] - TDA.filter()
[02-Nov-23 11:45:08][DEBUG] - TDA.update_client()
[02-Nov-23 11:45:08][DEBUG] - TDA.get_intraday_history(symbol=CVNA, minute=1, days=5, ext=False, current=False, max=False)
[02-Nov-23 11:45:09][DEBUG] - TDA.filter()
[02-Nov-23 11:45:09][DEBUG] - TDA.update_client()
[02-Nov-23 11:45:09][DEBUG] - TDA.get_intraday_history(symbol=DASH, minute=1, days=5, ext=False, current=False, max=False)
[02-Nov-23 11:45:09][DEBUG] - TDA.filter()
[02-Nov-23 11:45:09][DEBUG] - TDA.update_client()
[02-Nov-23 11:45:09][DEBUG] - TDA.get_quote()
[02-Nov-23 11:45:10][DEBUG] - TDA.filter()
[02-Nov-23 11:45:10][DEBUG] - TDA.update_client()
[02-Nov-23 11:45:10][DEBUG] - TDA.get_intraday_history(symbol=DNA, minute=1, days=5, ext=False, current=False, max=False)
[02-Nov-23 11:45:10][DEBUG] - TDA.filter()
[02-Nov-23 11:45:10][DEBUG] - TDA.update_client()
[02-Nov-23 11:45:10][DEBUG] - TDA.get_intraday_history(symbol=EGHT, minute=1, days=5, ext=False, current=False, max=False)
[02-Nov-23 11:45:11][DEBUG] - TDA.filter()
[02-Nov-23 11:45:11][DEBUG] - TDA.update_client()
[02-Nov-23 11:45:11][DEBUG] - TDA.get_quote()
[02-Nov-23 11:45:11][DEBUG] - TDA.filter()
[02-Nov-23 11:45:11][DEBUG] - TDA.update_client()
[02-Nov-23 11:45:11][DEBUG] - TDA.get_intraday_history(symbol=FCEL, minute=1, days=5, ext=False, current=False, max=False)
[02-Nov-23 11:45:12][DEBUG] - TDA.filter()
[02-Nov-23 11:45:12][DEBUG] - TDA.update_client()
[02-Nov-23 11:45:12][DEBUG] - TDA.get_intraday_history(symbol=EZGO, minute=1, days=5, ext=False, current=False, max=False)
[02-Nov-23 11:45:12][DEBUG] - TDA.filter()
[02-Nov-23 11:45:12][DEBUG] - TDA.update_client()
[02-Nov-23 11:45:12][DEBUG] - TDA.get_intraday_history(symbol=ERII, minute=1, days=5, ext=False, current=False, max=False)
[02-Nov-23 11:45:12][DEBUG] - TDA.filter()
[02-Nov-23 11:45:12][DEBUG] - TDA.update_client()
[02-Nov-23 11:45:12][DEBUG] - TDA.get_intraday_history(symbol=EUDA, minute=1, days=5, ext=False, current=False, max=False)
[02-Nov-23 11:45:13][DEBUG] - TDA.filter()
[02-Nov-23 11:45:13][DEBUG] - TDA.update_client()
[02-Nov-23 11:45:13][DEBUG] - TDA.get_quote()
[02-Nov-23 11:45:13][DEBUG] - TDA.filter()
[02-Nov-23 11:45:13][DEBUG] - TDA.update_client()
[02-Nov-23 11:45:13][DEBUG] - TDA.get_intraday_history(symbol=FLWS, minute=1, days=5, ext=False, current=False, max=False)
[02-Nov-23 11:45:14][DEBUG] - TDA.filter()
[02-Nov-23 11:45:14][DEBUG] - TDA.update_client()
[02-Nov-23 11:45:14][DEBUG] - TDA.get_intraday_history(symbol=FUBO, minute=1, days=5, ext=False, current=False, max=False)
[02-Nov-23 11:45:14][DEBUG] - TDA.filter()
[02-Nov-23 11:45:14][DEBUG] - TDA.update_client()
[02-Nov-23 11:45:14][DEBUG] - TDA.get_intraday_history(symbol=FTCH, minute=1, days=5, ext=False, current=False, max=False)
[02-Nov-23 11:45:14][DEBUG] - TDA.filter()
[02-Nov-23 11:45:14][DEBUG] - TDA.update_client()
[02-Nov-23 11:45:15][DEBUG] - TDA.get_intraday_history(symbol=FFWM, minute=1, days=5, ext=False, current=False, max=False)
[02-Nov-23 11:45:15][DEBUG] - TDA.filter()
[02-Nov-23 11:45:15][DEBUG] - TDA.update_client()
[02-Nov-23 11:45:15][DEBUG] - TDA.get_intraday_history(symbol=FROG, minute=1, days=5, ext=False, current=False, max=False)
[02-Nov-23 11:45:15][DEBUG] - TDA.filter()
[02-Nov-23 11:45:15][DEBUG] - TDA.update_client()
[02-Nov-23 11:45:15][DEBUG] - TDA.get_intraday_history(symbol=FSLY, minute=1, days=5, ext=False, current=False, max=False)
[02-Nov-23 11:45:16][DEBUG] - TDA.filter()
[02-Nov-23 11:45:16][DEBUG] - TDA.update_client()
[02-Nov-23 11:45:16][DEBUG] - TDA.get_quote()
[02-Nov-23 11:45:16][DEBUG] - TDA.filter()
[02-Nov-23 11:45:16][DEBUG] - TDA.update_client()
[02-Nov-23 11:45:16][DEBUG] - TDA.get_intraday_history(symbol=GTHX, minute=1, days=5, ext=False, current=False, max=False)
[02-Nov-23 11:45:16][DEBUG] - TDA.filter()
[02-Nov-23 11:45:17][DEBUG] - TDA.update_client()
[02-Nov-23 11:45:17][DEBUG] - TDA.get_intraday_history(symbol=GIL, minute=1, days=5, ext=False, current=False, max=False)
[02-Nov-23 11:45:17][DEBUG] - TDA.filter()
[02-Nov-23 11:45:17][DEBUG] - TDA.update_client()
[02-Nov-23 11:45:17][DEBUG] - TDA.get_intraday_history(symbol=GRFS, minute=1, days=5, ext=False, current=False, max=False)
[02-Nov-23 11:45:17][DEBUG] - TDA.filter()
[02-Nov-23 11:45:17][DEBUG] - TDA.update_client()
[02-Nov-23 11:45:17][DEBUG] - TDA.get_intraday_history(symbol=GFAI, minute=1, days=5, ext=False, current=False, max=False)
[02-Nov-23 11:45:18][DEBUG] - TDA.filter()
[02-Nov-23 11:45:18][DEBUG] - TDA.update_client()
[02-Nov-23 11:45:18][DEBUG] - TDA.get_intraday_history(symbol=GOEV, minute=1, days=5, ext=False, current=False, max=False)
[02-Nov-23 11:45:18][DEBUG] - TDA.filter()
[02-Nov-23 11:45:18][DEBUG] - TDA.update_client()
[02-Nov-23 11:45:18][DEBUG] - TDA.get_intraday_history(symbol=GDHG, minute=1, days=5, ext=False, current=False, max=False)
[02-Nov-23 11:45:18][DEBUG] - TDA.filter()
[02-Nov-23 11:45:18][DEBUG] - TDA.update_client()
[02-Nov-23 11:45:18][DEBUG] - TDA.get_quote()
[02-Nov-23 11:45:19][DEBUG] - TDA.filter()
[02-Nov-23 11:45:19][DEBUG] - TDA.update_client()
[02-Nov-23 11:45:19][DEBUG] - TDA.get_intraday_history(symbol=HA, minute=1, days=5, ext=False, current=False, max=False)
[02-Nov-23 11:45:19][DEBUG] - TDA.filter()
[02-Nov-23 11:45:19][DEBUG] - TDA.update_client()
[02-Nov-23 11:45:19][DEBUG] - TDA.get_intraday_history(symbol=HYZN, minute=1, days=5, ext=False, current=False, max=False)
[02-Nov-23 11:45:20][DEBUG] - TDA.filter()
[02-Nov-23 11:45:20][DEBUG] - TDA.update_client()
[02-Nov-23 11:45:20][DEBUG] - TDA.get_quote()
[02-Nov-23 11:45:20][DEBUG] - TDA.filter()
[02-Nov-23 11:45:20][DEBUG] - TDA.update_client()
[02-Nov-23 11:45:20][DEBUG] - TDA.get_intraday_history(symbol=IREN, minute=1, days=5, ext=False, current=False, max=False)
[02-Nov-23 11:45:21][DEBUG] - TDA.filter()
[02-Nov-23 11:45:21][DEBUG] - TDA.update_client()
[02-Nov-23 11:45:21][DEBUG] - TDA.get_intraday_history(symbol=INMD, minute=1, days=5, ext=False, current=False, max=False)
[02-Nov-23 11:45:21][DEBUG] - TDA.filter()
[02-Nov-23 11:45:21][DEBUG] - TDA.update_client()
[02-Nov-23 11:45:21][DEBUG] - TDA.get_intraday_history(symbol=INSG, minute=1, days=5, ext=False, current=False, max=False)
[02-Nov-23 11:45:22][DEBUG] - TDA.filter()
[02-Nov-23 11:45:22][DEBUG] - TDA.update_client()
[02-Nov-23 11:45:22][DEBUG] - TDA.get_intraday_history(symbol=INFA, minute=1, days=5, ext=False, current=False, max=False)
[02-Nov-23 11:45:22][DEBUG] - TDA.filter()
[02-Nov-23 11:45:22][DEBUG] - TDA.update_client()
[02-Nov-23 11:45:22][DEBUG] - TDA.get_quote()
[02-Nov-23 11:45:23][DEBUG] - TDA.filter()
[02-Nov-23 11:45:23][DEBUG] - TDA.update_client()
[02-Nov-23 11:45:23][DEBUG] - TDA.get_intraday_history(symbol=KXIN, minute=1, days=5, ext=False, current=False, max=False)
[02-Nov-23 11:45:23][DEBUG] - TDA.filter()
[02-Nov-23 11:45:23][DEBUG] - TDA.update_client()
[02-Nov-23 11:45:23][DEBUG] - TDA.get_intraday_history(symbol=KOD, minute=1, days=5, ext=False, current=False, max=False)
[02-Nov-23 11:45:24][DEBUG] - TDA.filter()
[02-Nov-23 11:45:24][DEBUG] - TDA.update_client()
[02-Nov-23 11:45:24][DEBUG] - TDA.get_intraday_history(symbol=JOBY, minute=1, days=5, ext=False, current=False, max=False)
[02-Nov-23 11:45:24][DEBUG] - TDA.filter()
[02-Nov-23 11:45:24][DEBUG] - TDA.update_client()
[02-Nov-23 11:45:24][DEBUG] - TDA.get_intraday_history(symbol=JAKK, minute=1, days=5, ext=False, current=False, max=False)
[02-Nov-23 11:45:24][DEBUG] - TDA.filter()
[02-Nov-23 11:45:24][DEBUG] - TDA.update_client()
[02-Nov-23 11:45:24][DEBUG] - TDA.get_quote()
[02-Nov-23 11:45:25][DEBUG] - TDA.filter()
[02-Nov-23 11:45:25][DEBUG] - TDA.update_client()
[02-Nov-23 11:45:25][DEBUG] - TDA.get_intraday_history(symbol=LAZR, minute=1, days=5, ext=False, current=False, max=False)
[02-Nov-23 11:45:25][DEBUG] - TDA.filter()
[02-Nov-23 11:45:25][DEBUG] - TDA.update_client()
[02-Nov-23 11:45:25][DEBUG] - TDA.get_intraday_history(symbol=LTH, minute=1, days=5, ext=False, current=False, max=False)
[02-Nov-23 11:45:26][DEBUG] - TDA.filter()
[02-Nov-23 11:45:26][DEBUG] - TDA.update_client()
[02-Nov-23 11:45:26][DEBUG] - TDA.get_intraday_history(symbol=LCID, minute=1, days=5, ext=False, current=False, max=False)
[02-Nov-23 11:45:26][DEBUG] - TDA.filter()
[02-Nov-23 11:45:26][DEBUG] - TDA.update_client()
[02-Nov-23 11:45:26][DEBUG] - TDA.get_intraday_history(symbol=LFMD, minute=1, days=5, ext=False, current=False, max=False)
[02-Nov-23 11:45:26][DEBUG] - TDA.filter()
[02-Nov-23 11:45:26][DEBUG] - TDA.update_client()
[02-Nov-23 11:45:26][DEBUG] - TDA.get_intraday_history(symbol=LPG, minute=1, days=5, ext=False, current=False, max=False)
[02-Nov-23 11:45:27][DEBUG] - TDA.filter()
[02-Nov-23 11:45:27][DEBUG] - TDA.update_client()
[02-Nov-23 11:45:27][DEBUG] - TDA.get_intraday_history(symbol=LEV, minute=1, days=5, ext=False, current=False, max=False)
[02-Nov-23 11:45:27][DEBUG] - TDA.filter()
[02-Nov-23 11:45:27][DEBUG] - TDA.update_client()
[02-Nov-23 11:45:27][DEBUG] - TDA.get_intraday_history(symbol=LYEL, minute=1, days=5, ext=False, current=False, max=False)
[02-Nov-23 11:45:27][DEBUG] - TDA.filter()
[02-Nov-23 11:45:27][DEBUG] - TDA.update_client()
[02-Nov-23 11:45:27][DEBUG] - TDA.get_intraday_history(symbol=LXEH, minute=1, days=5, ext=False, current=False, max=False)
[02-Nov-23 11:45:28][DEBUG] - TDA.filter()
[02-Nov-23 11:45:28][DEBUG] - TDA.update_client()
[02-Nov-23 11:45:28][DEBUG] - TDA.get_intraday_history(symbol=LSPD, minute=1, days=5, ext=False, current=False, max=False)
[02-Nov-23 11:45:28][DEBUG] - TDA.filter()
[02-Nov-23 11:45:28][DEBUG] - TDA.update_client()
[02-Nov-23 11:45:28][DEBUG] - TDA.get_intraday_history(symbol=LICY, minute=1, days=5, ext=False, current=False, max=False)
[02-Nov-23 11:45:28][DEBUG] - TDA.filter()
[02-Nov-23 11:45:28][DEBUG] - TDA.update_client()
[02-Nov-23 11:45:29][DEBUG] - TDA.get_intraday_history(symbol=LMND, minute=1, days=5, ext=False, current=False, max=False)
[02-Nov-23 11:45:29][DEBUG] - TDA.filter()
[02-Nov-23 11:45:29][DEBUG] - TDA.update_client()
[02-Nov-23 11:45:29][DEBUG] - TDA.get_quote()
[02-Nov-23 11:45:30][DEBUG] - TDA.filter()
[02-Nov-23 11:45:30][DEBUG] - TDA.update_client()
[02-Nov-23 11:45:30][DEBUG] - TDA.get_intraday_history(symbol=MIR, minute=1, days=5, ext=False, current=False, max=False)
[02-Nov-23 11:45:30][DEBUG] - TDA.filter()
[02-Nov-23 11:45:30][DEBUG] - TDA.update_client()
[02-Nov-23 11:45:30][DEBUG] - TDA.get_intraday_history(symbol=MKFG, minute=1, days=5, ext=False, current=False, max=False)
[02-Nov-23 11:45:30][DEBUG] - TDA.filter()
[02-Nov-23 11:45:30][DEBUG] - TDA.update_client()
[02-Nov-23 11:45:30][DEBUG] - TDA.get_intraday_history(symbol=MNTS, minute=1, days=5, ext=False, current=False, max=False)
[02-Nov-23 11:45:31][DEBUG] - TDA.filter()
[02-Nov-23 11:45:31][DEBUG] - TDA.update_client()
[02-Nov-23 11:45:31][DEBUG] - TDA.get_quote()
[02-Nov-23 11:45:31][DEBUG] - TDA.filter()
[02-Nov-23 11:45:31][DEBUG] - TDA.update_client()
[02-Nov-23 11:45:31][DEBUG] - TDA.get_intraday_history(symbol=MVST, minute=1, days=5, ext=False, current=False, max=False)
[02-Nov-23 11:45:32][DEBUG] - TDA.filter()
[02-Nov-23 11:45:32][DEBUG] - TDA.update_client()
[02-Nov-23 11:45:32][DEBUG] - TDA.get_intraday_history(symbol=NOVA, minute=1, days=5, ext=False, current=False, max=False)
[02-Nov-23 11:45:32][DEBUG] - TDA.filter()
[02-Nov-23 11:45:32][DEBUG] - TDA.update_client()
[02-Nov-23 11:45:32][DEBUG] - TDA.get_intraday_history(symbol=NNOX, minute=1, days=5, ext=False, current=False, max=False)
[02-Nov-23 11:45:32][DEBUG] - TDA.filter()
[02-Nov-23 11:45:32][DEBUG] - TDA.update_client()
[02-Nov-23 11:45:33][DEBUG] - TDA.get_intraday_history(symbol=MYSZ, minute=1, days=5, ext=False, current=False, max=False)
[02-Nov-23 11:45:33][DEBUG] - TDA.filter()
[02-Nov-23 11:45:33][DEBUG] - TDA.update_client()
[02-Nov-23 11:45:33][DEBUG] - TDA.get_intraday_history(symbol=NEGG, minute=1, days=5, ext=False, current=False, max=False)
[02-Nov-23 11:45:33][DEBUG] - TDA.filter()
[02-Nov-23 11:45:33][DEBUG] - TDA.update_client()
[02-Nov-23 11:45:33][DEBUG] - TDA.get_quote()
[02-Nov-23 11:45:34][DEBUG] - TDA.filter()
[02-Nov-23 11:45:34][DEBUG] - TDA.update_client()
[02-Nov-23 11:45:34][DEBUG] - TDA.get_intraday_history(symbol=OM, minute=1, days=5, ext=False, current=False, max=False)
[02-Nov-23 11:45:34][DEBUG] - TDA.filter()
[02-Nov-23 11:45:34][DEBUG] - TDA.update_client()
[02-Nov-23 11:45:34][DEBUG] - TDA.get_intraday_history(symbol=ONDS, minute=1, days=5, ext=False, current=False, max=False)
[02-Nov-23 11:45:35][DEBUG] - TDA.filter()
[02-Nov-23 11:45:35][DEBUG] - TDA.update_client()
[02-Nov-23 11:45:35][DEBUG] - TDA.get_intraday_history(symbol=OPEN, minute=1, days=5, ext=False, current=False, max=False)
[02-Nov-23 11:45:35][DEBUG] - TDA.filter()
[02-Nov-23 11:45:35][DEBUG] - TDA.update_client()
[02-Nov-23 11:45:35][DEBUG] - TDA.get_intraday_history(symbol=OLIT, minute=1, days=5, ext=False, current=False, max=False)
[02-Nov-23 11:45:35][DEBUG] - TDA.filter()
[02-Nov-23 11:45:35][DEBUG] - TDA.update_client()
[02-Nov-23 11:45:35][DEBUG] - TDA.get_intraday_history(symbol=OMGA, minute=1, days=5, ext=False, current=False, max=False)
[02-Nov-23 11:45:36][DEBUG] - TDA.filter()
[02-Nov-23 11:45:36][DEBUG] - TDA.update_client()
[02-Nov-23 11:45:36][DEBUG] - TDA.get_quote()
[02-Nov-23 11:45:36][DEBUG] - TDA.filter()
[02-Nov-23 11:45:36][DEBUG] - TDA.update_client()
[02-Nov-23 11:45:36][DEBUG] - TDA.get_intraday_history(symbol=PL, minute=1, days=5, ext=False, current=False, max=False)
[02-Nov-23 11:45:37][DEBUG] - TDA.filter()
[02-Nov-23 11:45:37][DEBUG] - TDA.update_client()
[02-Nov-23 11:45:37][DEBUG] - TDA.get_intraday_history(symbol=OSCR, minute=1, days=5, ext=False, current=False, max=False)
[02-Nov-23 11:45:37][DEBUG] - TDA.filter()
[02-Nov-23 11:45:37][DEBUG] - TDA.update_client()
[02-Nov-23 11:45:37][DEBUG] - TDA.get_intraday_history(symbol=PK, minute=1, days=5, ext=False, current=False, max=False)
[02-Nov-23 11:45:37][DEBUG] - TDA.filter()
[02-Nov-23 11:45:37][DEBUG] - TDA.update_client()
[02-Nov-23 11:45:37][DEBUG] - TDA.get_intraday_history(symbol=OUST, minute=1, days=5, ext=False, current=False, max=False)
[02-Nov-23 11:45:38][DEBUG] - TDA.filter()
[02-Nov-23 11:45:38][DEBUG] - TDA.update_client()
[02-Nov-23 11:45:38][DEBUG] - TDA.get_intraday_history(symbol=PENN, minute=1, days=5, ext=False, current=False, max=False)
[02-Nov-23 11:45:38][DEBUG] - TDA.filter()
[02-Nov-23 11:45:38][DEBUG] - TDA.update_client()
[02-Nov-23 11:45:38][DEBUG] - TDA.get_intraday_history(symbol=PLTR, minute=1, days=5, ext=False, current=False, max=False)
[02-Nov-23 11:45:39][DEBUG] - TDA.filter()
[02-Nov-23 11:45:39][DEBUG] - TDA.update_client()
[02-Nov-23 11:45:39][DEBUG] - TDA.get_intraday_history(symbol=PBI, minute=1, days=5, ext=False, current=False, max=False)
[02-Nov-23 11:45:39][DEBUG] - TDA.filter()
[02-Nov-23 11:45:39][DEBUG] - TDA.update_client()
[02-Nov-23 11:45:39][DEBUG] - TDA.get_intraday_history(symbol=PBLA, minute=1, days=5, ext=False, current=False, max=False)
[02-Nov-23 11:45:40][DEBUG] - TDA.filter()
[02-Nov-23 11:45:40][DEBUG] - TDA.update_client()
[02-Nov-23 11:45:40][DEBUG] - TDA.get_quote()
[02-Nov-23 11:45:40][DEBUG] - TDA.filter()
[02-Nov-23 11:45:40][DEBUG] - TDA.update_client()
[02-Nov-23 11:45:40][DEBUG] - TDA.get_intraday_history(symbol=PRMW, minute=1, days=5, ext=False, current=False, max=False)
[02-Nov-23 11:45:41][DEBUG] - TDA.filter()
[02-Nov-23 11:45:41][DEBUG] - TDA.update_client()
[02-Nov-23 11:45:41][DEBUG] - TDA.get_intraday_history(symbol=PRCT, minute=1, days=5, ext=False, current=False, max=False)
[02-Nov-23 11:45:41][DEBUG] - TDA.filter()
[02-Nov-23 11:45:41][DEBUG] - TDA.update_client()
[02-Nov-23 11:45:41][DEBUG] - TDA.get_intraday_history(symbol=PTON, minute=1, days=5, ext=False, current=False, max=False)
[02-Nov-23 11:45:41][DEBUG] - TDA.filter()
[02-Nov-23 11:45:41][DEBUG] - TDA.update_client()
[02-Nov-23 11:45:42][DEBUG] - TDA.get_intraday_history(symbol=QBTS, minute=1, days=5, ext=False, current=False, max=False)
[02-Nov-23 11:45:42][DEBUG] - TDA.filter()
[02-Nov-23 11:45:42][DEBUG] - TDA.update_client()
[02-Nov-23 11:45:42][DEBUG] - TDA.get_intraday_history(symbol=PTVE, minute=1, days=5, ext=False, current=False, max=False)
[02-Nov-23 11:45:42][DEBUG] - TDA.filter()
[02-Nov-23 11:45:42][DEBUG] - TDA.update_client()
[02-Nov-23 11:45:42][DEBUG] - TDA.get_quote()
[02-Nov-23 11:45:43][DEBUG] - TDA.filter()
[02-Nov-23 11:45:43][DEBUG] - TDA.update_client()
[02-Nov-23 11:45:43][DEBUG] - TDA.get_intraday_history(symbol=RYN, minute=1, days=5, ext=False, current=False, max=False)
[02-Nov-23 11:45:43][DEBUG] - TDA.filter()
[02-Nov-23 11:45:43][DEBUG] - TDA.update_client()
[02-Nov-23 11:45:43][DEBUG] - TDA.get_intraday_history(symbol=SABR, minute=1, days=5, ext=False, current=False, max=False)
[02-Nov-23 11:45:44][DEBUG] - TDA.filter()
[02-Nov-23 11:45:44][DEBUG] - TDA.update_client()
[02-Nov-23 11:45:44][DEBUG] - TDA.get_intraday_history(symbol=RRGB, minute=1, days=5, ext=False, current=False, max=False)
[02-Nov-23 11:45:44][DEBUG] - TDA.filter()
[02-Nov-23 11:45:44][DEBUG] - TDA.update_client()
[02-Nov-23 11:45:44][DEBUG] - TDA.get_intraday_history(symbol=ROKU, minute=1, days=5, ext=False, current=False, max=False)
[02-Nov-23 11:45:44][DEBUG] - TDA.filter()
[02-Nov-23 11:45:44][DEBUG] - TDA.update_client()
[02-Nov-23 11:45:44][DEBUG] - TDA.get_intraday_history(symbol=RCKY, minute=1, days=5, ext=False, current=False, max=False)
[02-Nov-23 11:45:45][DEBUG] - TDA.filter()
[02-Nov-23 11:45:45][DEBUG] - TDA.update_client()
[02-Nov-23 11:45:45][DEBUG] - TDA.get_quote()
[02-Nov-23 11:45:45][DEBUG] - TDA.filter()
[02-Nov-23 11:45:45][DEBUG] - TDA.update_client()
[02-Nov-23 11:45:45][DEBUG] - TDA.get_intraday_history(symbol=SLG, minute=1, days=5, ext=False, current=False, max=False)
[02-Nov-23 11:45:46][DEBUG] - TDA.filter()
[02-Nov-23 11:45:46][DEBUG] - TDA.update_client()
[02-Nov-23 11:45:46][DEBUG] - TDA.get_intraday_history(symbol=SBUX, minute=1, days=5, ext=False, current=False, max=False)
[02-Nov-23 11:45:46][DEBUG] - TDA.filter()
[02-Nov-23 11:45:46][DEBUG] - TDA.update_client()
[02-Nov-23 11:45:46][DEBUG] - TDA.get_intraday_history(symbol=SCI, minute=1, days=5, ext=False, current=False, max=False)
[02-Nov-23 11:45:47][DEBUG] - TDA.filter()
[02-Nov-23 11:45:47][DEBUG] - TDA.update_client()
[02-Nov-23 11:45:47][DEBUG] - TDA.get_intraday_history(symbol=SILK, minute=1, days=5, ext=False, current=False, max=False)
[02-Nov-23 11:45:47][DEBUG] - TDA.filter()
[02-Nov-23 11:45:47][DEBUG] - TDA.update_client()
[02-Nov-23 11:45:47][DEBUG] - TDA.get_intraday_history(symbol=SKLZ, minute=1, days=5, ext=False, current=False, max=False)
[02-Nov-23 11:45:47][DEBUG] - TDA.filter()
[02-Nov-23 11:45:47][DEBUG] - TDA.update_client()
[02-Nov-23 11:45:47][DEBUG] - TDA.get_intraday_history(symbol=SDGR, minute=1, days=5, ext=False, current=False, max=False)
[02-Nov-23 11:45:48][DEBUG] - TDA.filter()
[02-Nov-23 11:45:48][DEBUG] - TDA.update_client()
[02-Nov-23 11:45:48][DEBUG] - TDA.get_intraday_history(symbol=SHOP, minute=1, days=5, ext=False, current=False, max=False)
[02-Nov-23 11:45:48][DEBUG] - TDA.filter()
[02-Nov-23 11:45:48][DEBUG] - TDA.update_client()
[02-Nov-23 11:45:48][DEBUG] - TDA.get_intraday_history(symbol=SBGI, minute=1, days=5, ext=False, current=False, max=False)
[02-Nov-23 11:45:49][DEBUG] - TDA.filter()
[02-Nov-23 11:45:49][DEBUG] - TDA.update_client()
[02-Nov-23 11:45:49][DEBUG] - TDA.get_quote()
[02-Nov-23 11:45:49][DEBUG] - TDA.filter()
[02-Nov-23 11:45:49][DEBUG] - TDA.update_client()
[02-Nov-23 11:45:49][DEBUG] - TDA.get_intraday_history(symbol=SPCE, minute=1, days=5, ext=False, current=False, max=False)
[02-Nov-23 11:45:50][DEBUG] - TDA.filter()
[02-Nov-23 11:45:50][DEBUG] - TDA.update_client()
[02-Nov-23 11:45:50][DEBUG] - TDA.get_intraday_history(symbol=SYM, minute=1, days=5, ext=False, current=False, max=False)
[02-Nov-23 11:45:50][DEBUG] - TDA.filter()
[02-Nov-23 11:45:50][DEBUG] - TDA.update_client()
[02-Nov-23 11:45:50][DEBUG] - TDA.get_intraday_history(symbol=SRAD, minute=1, days=5, ext=False, current=False, max=False)
[02-Nov-23 11:45:51][DEBUG] - TDA.filter()
[02-Nov-23 11:45:51][DEBUG] - TDA.update_client()
[02-Nov-23 11:45:51][DEBUG] - TDA.get_intraday_history(symbol=SSP, minute=1, days=5, ext=False, current=False, max=False)
[02-Nov-23 11:45:51][DEBUG] - TDA.filter()
[02-Nov-23 11:45:51][DEBUG] - TDA.update_client()
[02-Nov-23 11:51:25][DEBUG] - TDA.filter()
[02-Nov-23 11:51:25][DEBUG] - TDA.update_client()
[02-Nov-23 12:19:57][DEBUG] - TDA.get_quote()
[02-Nov-23 12:19:58][DEBUG] - TDA.filter()
[02-Nov-23 12:19:58][DEBUG] - TDA.update_client()
[02-Nov-23 12:19:58][DEBUG] - TDA.filter()
[02-Nov-23 12:19:58][DEBUG] - TDA.update_client()
[02-Nov-23 12:22:58][DEBUG] - TDA.get_quote()
[02-Nov-23 12:22:58][DEBUG] - TDA.filter()
[02-Nov-23 12:22:58][DEBUG] - TDA.update_client()
[02-Nov-23 12:22:59][DEBUG] - TDA.filter()
[02-Nov-23 12:22:59][DEBUG] - TDA.update_client()
[02-Nov-23 12:27:10][DEBUG] - TDA.get_quote()
[02-Nov-23 12:27:10][DEBUG] - TDA.filter()
[02-Nov-23 12:27:10][DEBUG] - TDA.update_client()
[02-Nov-23 12:27:11][DEBUG] - TDA.filter()
[02-Nov-23 12:27:11][DEBUG] - TDA.update_client()
[02-Nov-23 12:31:06][DEBUG] - TDA.filter()
[02-Nov-23 12:31:06][DEBUG] - TDA.update_client()
[02-Nov-23 13:36:36][DEBUG] - TDA()
[02-Nov-23 13:36:36][DEBUG] - TDA.get_account()
[02-Nov-23 13:36:37][DEBUG] - TDA.filter()
[02-Nov-23 13:36:37][DEBUG] - TDA.update_client()
[02-Nov-23 13:36:37][DEBUG] - TDA.get_account_transactions()
[02-Nov-23 13:36:37][DEBUG] - TDA.filter()
[02-Nov-23 13:36:37][DEBUG] - TDA.update_client()
[02-Nov-23 13:36:38][DEBUG] - TDA.filter()
[02-Nov-23 13:36:38][DEBUG] - TDA.update_client()
[02-Nov-23 13:36:38][DEBUG] - TDA.get_intraday_history(symbol=QQQ, minute=5, days=10, ext=False, current=False, max=False)
[02-Nov-23 13:36:38][DEBUG] - TDA.filter()
[02-Nov-23 13:36:38][DEBUG] - TDA.update_client()
[02-Nov-23 13:36:38][DEBUG] - TDA.get_intraday_history(symbol=ROKU, minute=5, days=10, ext=False, current=False, max=False)
[02-Nov-23 13:36:39][DEBUG] - TDA.filter()
[02-Nov-23 13:36:39][DEBUG] - TDA.update_client()
[02-Nov-23 13:38:11][DEBUG] - TDA()
[02-Nov-23 13:38:11][DEBUG] - TDA.get_account()
[02-Nov-23 13:38:12][DEBUG] - TDA.filter()
[02-Nov-23 13:38:12][DEBUG] - TDA.update_client()
[02-Nov-23 13:38:12][DEBUG] - TDA.get_account_transactions()
[02-Nov-23 13:38:12][DEBUG] - TDA.filter()
[02-Nov-23 13:38:12][DEBUG] - TDA.update_client()
[02-Nov-23 13:38:13][DEBUG] - TDA.filter()
[02-Nov-23 13:38:13][DEBUG] - TDA.update_client()
[02-Nov-23 13:38:13][DEBUG] - TDA.get_intraday_history(symbol=QQQ, minute=5, days=10, ext=False, current=False, max=False)
[02-Nov-23 13:38:13][DEBUG] - TDA.filter()
[02-Nov-23 13:38:13][DEBUG] - TDA.update_client()
[02-Nov-23 13:38:13][DEBUG] - TDA.get_intraday_history(symbol=ROKU, minute=5, days=10, ext=False, current=False, max=False)
[02-Nov-23 13:38:14][DEBUG] - TDA.filter()
[02-Nov-23 13:38:14][DEBUG] - TDA.update_client()
[02-Nov-23 13:40:51][DEBUG] - TDA()
[02-Nov-23 13:40:51][DEBUG] - TDA.get_account()
[02-Nov-23 13:40:51][DEBUG] - TDA.filter()
[02-Nov-23 13:40:51][DEBUG] - TDA.update_client()
[02-Nov-23 13:40:51][DEBUG] - TDA.get_account_transactions()
[02-Nov-23 13:40:51][DEBUG] - TDA.filter()
[02-Nov-23 13:40:51][DEBUG] - TDA.update_client()
[02-Nov-23 13:40:52][DEBUG] - TDA.filter()
[02-Nov-23 13:40:52][DEBUG] - TDA.update_client()
[02-Nov-23 13:40:52][DEBUG] - TDA.get_intraday_history(symbol=QQQ, minute=5, days=10, ext=False, current=False, max=False)
[02-Nov-23 13:40:52][DEBUG] - TDA.filter()
[02-Nov-23 13:40:52][DEBUG] - TDA.update_client()
[02-Nov-23 13:40:52][DEBUG] - TDA.get_intraday_history(symbol=ROKU, minute=5, days=1, ext=False, current=False, max=True)
[02-Nov-23 13:40:53][DEBUG] - TDA.filter()
[02-Nov-23 13:40:53][DEBUG] - TDA.update_client()
[02-Nov-23 13:43:05][DEBUG] - TDA()
[02-Nov-23 13:43:05][DEBUG] - TDA.get_account()
[02-Nov-23 13:43:05][DEBUG] - TDA.filter()
[02-Nov-23 13:43:05][DEBUG] - TDA.update_client()
[02-Nov-23 13:43:05][DEBUG] - TDA.get_account_transactions()
[02-Nov-23 13:43:06][DEBUG] - TDA.filter()
[02-Nov-23 13:43:06][DEBUG] - TDA.update_client()
[02-Nov-23 13:43:06][DEBUG] - TDA.filter()
[02-Nov-23 13:43:06][DEBUG] - TDA.update_client()
[02-Nov-23 13:43:06][DEBUG] - TDA.get_intraday_history(symbol=QQQ, minute=5, days=10, ext=False, current=False, max=False)
[02-Nov-23 13:43:07][DEBUG] - TDA.filter()
[02-Nov-23 13:43:07][DEBUG] - TDA.update_client()
[02-Nov-23 13:43:07][DEBUG] - TDA.get_intraday_history(symbol=ROKU, minute=15, days=1, ext=False, current=False, max=True)
[02-Nov-23 13:43:08][DEBUG] - TDA.filter()
[02-Nov-23 13:43:08][DEBUG] - TDA.update_client()
[02-Nov-23 13:43:31][DEBUG] - TDA()
[02-Nov-23 13:43:31][DEBUG] - TDA.get_account()
[02-Nov-23 13:43:31][DEBUG] - TDA.filter()
[02-Nov-23 13:43:31][DEBUG] - TDA.update_client()
[02-Nov-23 13:43:31][DEBUG] - TDA.get_account_transactions()
[02-Nov-23 13:43:32][DEBUG] - TDA.filter()
[02-Nov-23 13:43:32][DEBUG] - TDA.update_client()
[02-Nov-23 13:43:32][DEBUG] - TDA.filter()
[02-Nov-23 13:43:32][DEBUG] - TDA.update_client()
[02-Nov-23 13:43:32][DEBUG] - TDA.get_intraday_history(symbol=QQQ, minute=5, days=10, ext=False, current=False, max=False)
[02-Nov-23 13:43:33][DEBUG] - TDA.filter()
[02-Nov-23 13:43:33][DEBUG] - TDA.update_client()
[02-Nov-23 13:43:33][DEBUG] - TDA.get_intraday_history(symbol=ROKU, minute=1, days=1, ext=False, current=False, max=True)
[02-Nov-23 13:43:34][DEBUG] - TDA.filter()
[02-Nov-23 13:43:34][DEBUG] - TDA.update_client()
[02-Nov-23 14:03:44][DEBUG] - TDA()
[02-Nov-23 14:03:44][DEBUG] - TDA.get_account()
[02-Nov-23 14:03:44][DEBUG] - TDA.filter()
[02-Nov-23 14:03:44][DEBUG] - TDA.update_client()
[02-Nov-23 14:03:44][DEBUG] - TDA.get_account_transactions()
[02-Nov-23 14:03:45][DEBUG] - TDA.filter()
[02-Nov-23 14:03:45][DEBUG] - TDA.update_client()
[02-Nov-23 14:03:45][DEBUG] - TDA.filter()
[02-Nov-23 14:03:45][DEBUG] - TDA.update_client()
[02-Nov-23 14:03:45][DEBUG] - TDA.get_intraday_history(symbol=QQQ, minute=5, days=10, ext=False, current=False, max=False)
[02-Nov-23 14:03:45][DEBUG] - TDA.filter()
[02-Nov-23 14:03:45][DEBUG] - TDA.update_client()
[02-Nov-23 14:03:45][DEBUG] - TDA.get_intraday_history(symbol=ROKU, minute=1, days=1, ext=False, current=False, max=True)
[02-Nov-23 14:03:46][DEBUG] - TDA.filter()
[02-Nov-23 14:03:46][DEBUG] - TDA.update_client()
[02-Nov-23 14:05:36][DEBUG] - TDA()
[02-Nov-23 14:05:36][DEBUG] - TDA.get_account()
[02-Nov-23 14:05:36][DEBUG] - TDA.filter()
[02-Nov-23 14:05:36][DEBUG] - TDA.update_client()
[02-Nov-23 14:05:36][DEBUG] - TDA.get_account_transactions()
[02-Nov-23 14:05:37][DEBUG] - TDA.filter()
[02-Nov-23 14:05:37][DEBUG] - TDA.update_client()
[02-Nov-23 14:05:37][DEBUG] - TDA.filter()
[02-Nov-23 14:05:37][DEBUG] - TDA.update_client()
[02-Nov-23 14:05:37][DEBUG] - TDA.get_intraday_history(symbol=QQQ, minute=5, days=10, ext=False, current=False, max=False)
[02-Nov-23 14:05:37][DEBUG] - TDA.filter()
[02-Nov-23 14:05:37][DEBUG] - TDA.update_client()
[02-Nov-23 14:05:37][DEBUG] - TDA.get_daily_history(symbol=ROKU, minute=1D, years=20, current=False, max=False)
[02-Nov-23 14:05:38][DEBUG] - TDA.filter()
[02-Nov-23 14:05:38][DEBUG] - TDA.update_client()
[02-Nov-23 14:25:52][DEBUG] - TDA()
[02-Nov-23 14:25:53][DEBUG] - TDA.get_account()
[02-Nov-23 14:25:53][DEBUG] - TDA.filter()
[02-Nov-23 14:25:53][DEBUG] - TDA.update_client()
[02-Nov-23 14:25:53][DEBUG] - TDA.get_account_transactions()
[02-Nov-23 14:25:54][DEBUG] - TDA.filter()
[02-Nov-23 14:25:54][DEBUG] - TDA.update_client()
[02-Nov-23 14:25:54][DEBUG] - TDA.filter()
[02-Nov-23 14:25:54][DEBUG] - TDA.update_client()
[02-Nov-23 14:25:54][DEBUG] - TDA.get_intraday_history(symbol=QQQ, minute=5, days=10, ext=False, current=False, max=False)
[02-Nov-23 14:25:54][DEBUG] - TDA.filter()
[02-Nov-23 14:25:54][DEBUG] - TDA.update_client()
[02-Nov-23 14:25:54][DEBUG] - TDA.get_quote()
[02-Nov-23 14:25:55][DEBUG] - TDA.filter()
[02-Nov-23 14:25:55][DEBUG] - TDA.update_client()
