[04-Nov-23 18:52:44][DEBUG] - TDA()
[04-Nov-23 18:52:44][DEBUG] - TDA.get_account()
[04-Nov-23 18:52:45][DEBUG] - TDA.filter()
[04-Nov-23 18:52:45][DEBUG] - TDA.update_client()
[04-Nov-23 18:52:45][DEBUG] - TDA.get_account_transactions()
[04-Nov-23 18:52:45][DEBUG] - TDA.filter()
[04-Nov-23 18:52:45][DEBUG] - TDA.update_client()
[04-Nov-23 18:52:46][DEBUG] - TDA.filter()
[04-Nov-23 18:52:46][DEBUG] - TDA.update_client()
[04-Nov-23 19:01:41][DEBUG] - TDA.get_quote()
[04-Nov-23 19:01:41][DEBUG] - TDA.get_quote()
[04-Nov-23 19:01:42][DEBUG] - TDA.filter()
[04-Nov-23 19:01:42][DEBUG] - TDA.filter()
[04-Nov-23 19:01:42][DEBUG] - TDA.update_client()
[04-Nov-23 19:01:42][DEBUG] - TDA.update_client()
[04-Nov-23 19:02:57][DEBUG] - TDA.get_quote()
[04-Nov-23 19:02:57][DEBUG] - TDA.filter()
[04-Nov-23 19:02:57][DEBUG] - TDA.update_client()
[04-Nov-23 19:03:04][DEBUG] - TDA.get_quote()
[04-Nov-23 19:03:04][DEBUG] - TDA.get_quote()
[04-Nov-23 19:03:04][DEBUG] - TDA.filter()
[04-Nov-23 19:03:04][DEBUG] - TDA.filter()
[04-Nov-23 19:03:04][DEBUG] - TDA.update_client()
[04-Nov-23 19:03:04][DEBUG] - TDA.update_client()
[04-Nov-23 19:03:23][DEBUG] - TDA.get_quote()
[04-Nov-23 19:03:23][DEBUG] - TDA.get_quote()
[04-Nov-23 19:03:23][DEBUG] - TDA.filter()
[04-Nov-23 19:03:23][DEBUG] - TDA.update_client()
[04-Nov-23 19:03:23][DEBUG] - TDA.filter()
[04-Nov-23 19:03:23][DEBUG] - TDA.update_client()
[04-Nov-23 19:04:58][DEBUG] - TDA.get_quote()
[04-Nov-23 19:04:59][DEBUG] - TDA.get_quote()
[04-Nov-23 19:04:59][DEBUG] - TDA.filter()
[04-Nov-23 19:04:59][DEBUG] - TDA.update_client()
[04-Nov-23 19:04:59][DEBUG] - TDA.filter()
[04-Nov-23 19:04:59][DEBUG] - TDA.update_client()
[04-Nov-23 19:05:14][DEBUG] - TDA.get_quote()
[04-Nov-23 19:05:14][DEBUG] - TDA.get_quote()
[04-Nov-23 19:05:14][DEBUG] - TDA.filter()
[04-Nov-23 19:05:14][DEBUG] - TDA.update_client()
[04-Nov-23 19:05:14][DEBUG] - TDA.filter()
[04-Nov-23 19:05:14][DEBUG] - TDA.update_client()
[04-Nov-23 19:06:24][DEBUG] - TDA.get_quote()
[04-Nov-23 19:06:24][DEBUG] - TDA.get_quote()
[04-Nov-23 19:06:24][DEBUG] - TDA.filter()
[04-Nov-23 19:06:24][DEBUG] - TDA.update_client()
[04-Nov-23 19:06:24][DEBUG] - TDA.filter()
[04-Nov-23 19:06:24][DEBUG] - TDA.update_client()
[04-Nov-23 19:07:39][DEBUG] - TDA.get_quote()
[04-Nov-23 19:07:39][DEBUG] - TDA.get_quote()
[04-Nov-23 19:07:39][DEBUG] - TDA.filter()
[04-Nov-23 19:07:39][DEBUG] - TDA.update_client()
[04-Nov-23 19:07:39][DEBUG] - TDA.filter()
[04-Nov-23 19:07:39][DEBUG] - TDA.update_client()
[04-Nov-23 19:09:42][DEBUG] - TDA.get_quote()
[04-Nov-23 19:09:42][DEBUG] - TDA.filter()
[04-Nov-23 19:09:42][DEBUG] - TDA.update_client()
[04-Nov-23 19:11:59][DEBUG] - TDA.get_quote()
[04-Nov-23 19:12:00][DEBUG] - TDA.filter()
[04-Nov-23 19:12:00][DEBUG] - TDA.update_client()
[04-Nov-23 19:12:31][DEBUG] - TDA.get_quote()
[04-Nov-23 19:12:31][DEBUG] - TDA.filter()
[04-Nov-23 19:12:31][DEBUG] - TDA.update_client()
[04-Nov-23 19:13:57][DEBUG] - TDA.get_quote()
[04-Nov-23 19:13:58][DEBUG] - TDA.filter()
[04-Nov-23 19:13:58][DEBUG] - TDA.update_client()
[04-Nov-23 19:14:58][DEBUG] - TDA.get_quote()
[04-Nov-23 19:14:58][DEBUG] - TDA.get_quote()
[04-Nov-23 19:14:58][DEBUG] - TDA.filter()
[04-Nov-23 19:14:58][DEBUG] - TDA.filter()
[04-Nov-23 19:14:58][DEBUG] - TDA.update_client()
[04-Nov-23 19:14:58][DEBUG] - TDA.update_client()
[04-Nov-23 19:15:06][DEBUG] - TDA.get_quote()
[04-Nov-23 19:15:06][DEBUG] - TDA.get_quote()
[04-Nov-23 19:15:06][DEBUG] - TDA.filter()
[04-Nov-23 19:15:06][DEBUG] - TDA.update_client()
[04-Nov-23 19:15:06][DEBUG] - TDA.filter()
[04-Nov-23 19:15:06][DEBUG] - TDA.update_client()
[04-Nov-23 19:43:12][DEBUG] - TDA.get_quote()
[04-Nov-23 19:43:12][DEBUG] - TDA.get_quote()
[04-Nov-23 19:43:12][DEBUG] - TDA.get_quote()
[04-Nov-23 19:43:12][DEBUG] - TDA.filter()
[04-Nov-23 19:43:12][DEBUG] - TDA.update_client()
[04-Nov-23 19:43:12][DEBUG] - TDA.filter()
[04-Nov-23 19:43:12][DEBUG] - TDA.update_client()
[04-Nov-23 19:43:12][DEBUG] - TDA.filter()
[04-Nov-23 19:43:12][DEBUG] - TDA.update_client()
[04-Nov-23 19:44:50][DEBUG] - TDA.get_quote()
[04-Nov-23 19:44:50][DEBUG] - TDA.filter()
[04-Nov-23 19:44:50][DEBUG] - TDA.update_client()
[04-Nov-23 19:44:50][DEBUG] - TDA()
[04-Nov-23 19:44:50][DEBUG] - TDA.get_account()
[04-Nov-23 19:44:51][DEBUG] - TDA.filter()
[04-Nov-23 19:44:51][DEBUG] - TDA.update_client()
[04-Nov-23 19:44:51][DEBUG] - TDA.get_account_transactions()
[04-Nov-23 19:44:51][DEBUG] - TDA.filter()
[04-Nov-23 19:44:51][DEBUG] - TDA.update_client()
[04-Nov-23 19:44:52][DEBUG] - TDA.filter()
[04-Nov-23 19:44:52][DEBUG] - TDA.update_client()
[04-Nov-23 19:44:52][DEBUG] - TDA.get_quote()
[04-Nov-23 19:44:52][DEBUG] - TDA.filter()
[04-Nov-23 19:44:52][DEBUG] - TDA.update_client()
[04-Nov-23 19:49:17][DEBUG] - TDA.get_quote()
[04-Nov-23 19:49:17][DEBUG] - TDA.filter()
[04-Nov-23 19:49:17][DEBUG] - TDA.update_client()
[04-Nov-23 19:50:25][DEBUG] - TDA.get_quote()
[04-Nov-23 19:50:25][DEBUG] - TDA.get_quote()
[04-Nov-23 19:50:25][DEBUG] - TDA.filter()
[04-Nov-23 19:50:25][DEBUG] - TDA.update_client()
[04-Nov-23 19:51:54][DEBUG] - TDA.get_quote()
[04-Nov-23 19:51:54][DEBUG] - TDA.get_quote()
[04-Nov-23 19:51:54][DEBUG] - TDA.filter()
[04-Nov-23 19:51:54][DEBUG] - TDA.update_client()
[04-Nov-23 19:51:54][DEBUG] - TDA.filter()
[04-Nov-23 19:51:54][DEBUG] - TDA.update_client()
[04-Nov-23 19:51:55][DEBUG] - TDA.get_quote()
[04-Nov-23 19:51:55][DEBUG] - TDA.get_quote()
[04-Nov-23 19:51:55][DEBUG] - TDA.filter()
[04-Nov-23 19:51:55][DEBUG] - TDA.update_client()
[04-Nov-23 19:51:55][DEBUG] - TDA.filter()
[04-Nov-23 19:51:55][DEBUG] - TDA.update_client()
[04-Nov-23 19:54:12][DEBUG] - TDA.get_quote()
[04-Nov-23 19:54:12][DEBUG] - TDA.filter()
[04-Nov-23 19:54:12][DEBUG] - TDA.update_client()
[04-Nov-23 19:54:17][DEBUG] - TDA.get_quote()
[04-Nov-23 19:54:17][DEBUG] - TDA.filter()
[04-Nov-23 19:54:17][DEBUG] - TDA.update_client()
[04-Nov-23 19:54:34][DEBUG] - TDA.get_quote()
[04-Nov-23 19:54:34][DEBUG] - TDA.get_quote()
[04-Nov-23 19:54:34][DEBUG] - TDA.filter()
[04-Nov-23 19:54:34][DEBUG] - TDA.update_client()
[04-Nov-23 19:54:34][DEBUG] - TDA.filter()
[04-Nov-23 19:54:34][DEBUG] - TDA.update_client()
[04-Nov-23 19:56:49][DEBUG] - TDA.get_quote()
[04-Nov-23 19:56:49][DEBUG] - TDA.get_quote()
[04-Nov-23 19:56:49][DEBUG] - TDA.filter()
[04-Nov-23 19:56:49][DEBUG] - TDA.update_client()
[04-Nov-23 19:56:49][DEBUG] - TDA.filter()
[04-Nov-23 19:56:49][DEBUG] - TDA.update_client()
[04-Nov-23 19:56:56][DEBUG] - TDA.get_quote()
[04-Nov-23 19:56:56][DEBUG] - TDA.get_quote()
[04-Nov-23 19:56:56][DEBUG] - TDA.filter()
[04-Nov-23 19:56:56][DEBUG] - TDA.update_client()
[04-Nov-23 19:56:56][DEBUG] - TDA.filter()
[04-Nov-23 19:56:56][DEBUG] - TDA.update_client()
[04-Nov-23 20:02:31][DEBUG] - TDA.get_quote()
[04-Nov-23 20:02:31][DEBUG] - TDA.get_quote()
[04-Nov-23 20:02:31][DEBUG] - TDA.filter()
[04-Nov-23 20:02:31][DEBUG] - TDA.update_client()
[04-Nov-23 20:03:51][DEBUG] - TDA.get_quote()
[04-Nov-23 20:03:56][DEBUG] - TDA.filter()
[04-Nov-23 20:03:56][DEBUG] - TDA.update_client()
[04-Nov-23 20:04:07][DEBUG] - TDA.get_quote()
[04-Nov-23 20:04:07][DEBUG] - TDA.get_quote()
[04-Nov-23 20:04:08][DEBUG] - TDA.filter()
[04-Nov-23 20:04:08][DEBUG] - TDA.update_client()
[04-Nov-23 20:04:08][DEBUG] - TDA.filter()
[04-Nov-23 20:04:08][DEBUG] - TDA.update_client()
[04-Nov-23 20:05:39][DEBUG] - TDA.get_quote()
[04-Nov-23 20:05:39][DEBUG] - TDA.filter()
[04-Nov-23 20:05:39][DEBUG] - TDA.update_client()
[04-Nov-23 20:09:28][DEBUG] - TDA.get_quote()
[04-Nov-23 20:09:28][DEBUG] - TDA.filter()
[04-Nov-23 20:09:28][DEBUG] - TDA.update_client()
